Terminals unused in grammar

    LABEL
    TYPE
    ARRAY
    OF
    PROCEDURE
    FUNCTION
    GOTO
    IF
    THEN
    ELSE
    WHILE
    DO
    ABRE_COLCHETES
    FECHA_COLCHETES
    READ
    WRITE
    FALSE
    TRUE


State 30 conflicts: 2 shift/reduce
State 45 conflicts: 1 shift/reduce
State 46 conflicts: 3 shift/reduce
State 48 conflicts: 6 shift/reduce
State 50 conflicts: 3 shift/reduce
State 59 conflicts: 1 shift/reduce
State 69 conflicts: 3 shift/reduce
State 81 conflicts: 3 shift/reduce


Grammar

    0 $accept: programa $end

    1 $@1: %empty

    2 programa: $@1 PROGRAM IDENT ABRE_PARENTESES lista_idents FECHA_PARENTESES PONTO_E_VIRGULA bloco PONTO

    3 $@2: %empty

    4 bloco: parte_declara_vars $@2 comando_composto

    5 parte_declara_vars: var

    6 var: VAR declara_vars
    7    | %empty

    8 declara_vars: declara_vars declara_var
    9             | declara_var

   10 $@3: %empty

   11 $@4: %empty

   12 declara_var: $@3 lista_id_var DOIS_PONTOS tipo $@4 PONTO_E_VIRGULA

   13 tipo: INTEGER
   14     | BOOLEAN

   15 lista_id_var: lista_id_var VIRGULA IDENT
   16             | IDENT

   17 lista_idents: lista_idents VIRGULA IDENT
   18             | IDENT

   19 comando_composto: T_BEGIN comandos T_END
   20                 | T_BEGIN T_END

   21 comandos: comando PONTO_E_VIRGULA comandos
   22         | comando PONTO_E_VIRGULA

   23 comando: comando_sem_rotulo

   24 comando_sem_rotulo: atribuicao

   25 atribuicao: variavel_chamada_funcao ATRIBUICAO expressao

   26 expressao: expressao_simples
   27          | expressao_simples relacao expressao_simples

   28 relacao: IGUAL
   29        | DIFERENTE
   30        | MENOR
   31        | MENOR_IGUAL
   32        | MAIOR_IGUAL
   33        | MAIOR

   34 termo_com_sinal: MAIS termo
   35                | MENOS termo
   36                | termo

   37 lista_expressoes: expressao VIRGULA lista_expressoes
   38                 | expressao

   39 expressao_simples: termo_com_sinal operacoes
   40                  | termo_com_sinal

   41 operacoes: operacao operacoes
   42          | operacao

   43 operacao: MAIS termo
   44         | MENOS termo
   45         | OR termo

   46 operacoes_fator: operacao_fator operacoes_fator
   47                | operacao_fator

   48 operacao_fator: MULTIPLICACAO fator
   49               | DIV fator
   50               | AND fator

   51 termo: fator operacoes_fator
   52      | fator

   53 fator: variavel_chamada_funcao
   54      | NUMERO
   55      | ABRE_PARENTESES expressao FECHA_PARENTESES
   56      | NOT fator

   57 variavel_chamada_funcao: IDENT variavel
   58                        | IDENT chamada_funcao

   59 variavel: lista_expressoes
   60         | %empty

   61 chamada_funcao: ABRE_PARENTESES lista_expressoes FECHA_PARENTESES


Terminals, with rules where they appear

    $end (0) 0
    error (256)
    PROGRAM (258) 2
    ABRE_PARENTESES (259) 2 55 61
    FECHA_PARENTESES (260) 2 55 61
    VIRGULA (261) 15 17 37
    PONTO_E_VIRGULA (262) 2 12 21 22
    DOIS_PONTOS (263) 12
    PONTO (264) 2
    T_BEGIN (265) 19 20
    T_END (266) 19 20
    VAR (267) 6
    IDENT (268) 2 15 16 17 18 57 58
    ATRIBUICAO (269) 25
    LABEL (270)
    TYPE (271)
    ARRAY (272)
    OF (273)
    PROCEDURE (274)
    FUNCTION (275)
    GOTO (276)
    IF (277)
    THEN (278)
    ELSE (279)
    WHILE (280)
    DO (281)
    MAIS (282) 34 43
    MENOS (283) 35 44
    MULTIPLICACAO (284) 48
    OR (285) 45
    AND (286) 50
    NOT (287) 56
    ABRE_COLCHETES (288)
    FECHA_COLCHETES (289)
    IGUAL (290) 28
    MENOR (291) 30
    MAIOR (292) 33
    DIFERENTE (293) 29
    MAIOR_IGUAL (294) 32
    MENOR_IGUAL (295) 31
    READ (296)
    WRITE (297)
    FALSE (298)
    TRUE (299)
    INTEGER (300) 13
    DIV (301) 49
    NUMERO (302) 54
    BOOLEAN (303) 14


Nonterminals, with rules where they appear

    $accept (49)
        on left: 0
    programa (50)
        on left: 2
        on right: 0
    $@1 (51)
        on left: 1
        on right: 2
    bloco (52)
        on left: 4
        on right: 2
    $@2 (53)
        on left: 3
        on right: 4
    parte_declara_vars (54)
        on left: 5
        on right: 4
    var (55)
        on left: 6 7
        on right: 5
    declara_vars (56)
        on left: 8 9
        on right: 6 8
    declara_var (57)
        on left: 12
        on right: 8 9
    $@3 (58)
        on left: 10
        on right: 12
    $@4 (59)
        on left: 11
        on right: 12
    tipo (60)
        on left: 13 14
        on right: 12
    lista_id_var (61)
        on left: 15 16
        on right: 12 15
    lista_idents (62)
        on left: 17 18
        on right: 2 17
    comando_composto (63)
        on left: 19 20
        on right: 4
    comandos (64)
        on left: 21 22
        on right: 19 21
    comando (65)
        on left: 23
        on right: 21 22
    comando_sem_rotulo (66)
        on left: 24
        on right: 23
    atribuicao (67)
        on left: 25
        on right: 24
    expressao (68)
        on left: 26 27
        on right: 25 37 38 55
    relacao (69)
        on left: 28 29 30 31 32 33
        on right: 27
    termo_com_sinal (70)
        on left: 34 35 36
        on right: 39 40
    lista_expressoes (71)
        on left: 37 38
        on right: 37 59 61
    expressao_simples (72)
        on left: 39 40
        on right: 26 27
    operacoes (73)
        on left: 41 42
        on right: 39 41
    operacao (74)
        on left: 43 44 45
        on right: 41 42
    operacoes_fator (75)
        on left: 46 47
        on right: 46 51
    operacao_fator (76)
        on left: 48 49 50
        on right: 46 47
    termo (77)
        on left: 51 52
        on right: 34 35 36 43 44 45
    fator (78)
        on left: 53 54 55 56
        on right: 48 49 50 51 52 56
    variavel_chamada_funcao (79)
        on left: 57 58
        on right: 25 53
    variavel (80)
        on left: 59 60
        on right: 57
    chamada_funcao (81)
        on left: 61
        on right: 58


State 0

    0 $accept: . programa $end

    $default  reduce using rule 1 ($@1)

    programa  go to state 1
    $@1       go to state 2


State 1

    0 $accept: programa . $end

    $end  shift, and go to state 3


State 2

    2 programa: $@1 . PROGRAM IDENT ABRE_PARENTESES lista_idents FECHA_PARENTESES PONTO_E_VIRGULA bloco PONTO

    PROGRAM  shift, and go to state 4


State 3

    0 $accept: programa $end .

    $default  accept


State 4

    2 programa: $@1 PROGRAM . IDENT ABRE_PARENTESES lista_idents FECHA_PARENTESES PONTO_E_VIRGULA bloco PONTO

    IDENT  shift, and go to state 5


State 5

    2 programa: $@1 PROGRAM IDENT . ABRE_PARENTESES lista_idents FECHA_PARENTESES PONTO_E_VIRGULA bloco PONTO

    ABRE_PARENTESES  shift, and go to state 6


State 6

    2 programa: $@1 PROGRAM IDENT ABRE_PARENTESES . lista_idents FECHA_PARENTESES PONTO_E_VIRGULA bloco PONTO

    IDENT  shift, and go to state 7

    lista_idents  go to state 8


State 7

   18 lista_idents: IDENT .

    $default  reduce using rule 18 (lista_idents)


State 8

    2 programa: $@1 PROGRAM IDENT ABRE_PARENTESES lista_idents . FECHA_PARENTESES PONTO_E_VIRGULA bloco PONTO
   17 lista_idents: lista_idents . VIRGULA IDENT

    FECHA_PARENTESES  shift, and go to state 9
    VIRGULA           shift, and go to state 10


State 9

    2 programa: $@1 PROGRAM IDENT ABRE_PARENTESES lista_idents FECHA_PARENTESES . PONTO_E_VIRGULA bloco PONTO

    PONTO_E_VIRGULA  shift, and go to state 11


State 10

   17 lista_idents: lista_idents VIRGULA . IDENT

    IDENT  shift, and go to state 12


State 11

    2 programa: $@1 PROGRAM IDENT ABRE_PARENTESES lista_idents FECHA_PARENTESES PONTO_E_VIRGULA . bloco PONTO

    VAR  shift, and go to state 13

    $default  reduce using rule 7 (var)

    bloco               go to state 14
    parte_declara_vars  go to state 15
    var                 go to state 16


State 12

   17 lista_idents: lista_idents VIRGULA IDENT .

    $default  reduce using rule 17 (lista_idents)


State 13

    6 var: VAR . declara_vars

    $default  reduce using rule 10 ($@3)

    declara_vars  go to state 17
    declara_var   go to state 18
    $@3           go to state 19


State 14

    2 programa: $@1 PROGRAM IDENT ABRE_PARENTESES lista_idents FECHA_PARENTESES PONTO_E_VIRGULA bloco . PONTO

    PONTO  shift, and go to state 20


State 15

    4 bloco: parte_declara_vars . $@2 comando_composto

    $default  reduce using rule 3 ($@2)

    $@2  go to state 21


State 16

    5 parte_declara_vars: var .

    $default  reduce using rule 5 (parte_declara_vars)


State 17

    6 var: VAR declara_vars .
    8 declara_vars: declara_vars . declara_var

    IDENT     reduce using rule 10 ($@3)
    $default  reduce using rule 6 (var)

    declara_var  go to state 22
    $@3          go to state 19


State 18

    9 declara_vars: declara_var .

    $default  reduce using rule 9 (declara_vars)


State 19

   12 declara_var: $@3 . lista_id_var DOIS_PONTOS tipo $@4 PONTO_E_VIRGULA

    IDENT  shift, and go to state 23

    lista_id_var  go to state 24


State 20

    2 programa: $@1 PROGRAM IDENT ABRE_PARENTESES lista_idents FECHA_PARENTESES PONTO_E_VIRGULA bloco PONTO .

    $default  reduce using rule 2 (programa)


State 21

    4 bloco: parte_declara_vars $@2 . comando_composto

    T_BEGIN  shift, and go to state 25

    comando_composto  go to state 26


State 22

    8 declara_vars: declara_vars declara_var .

    $default  reduce using rule 8 (declara_vars)


State 23

   16 lista_id_var: IDENT .

    $default  reduce using rule 16 (lista_id_var)


State 24

   12 declara_var: $@3 lista_id_var . DOIS_PONTOS tipo $@4 PONTO_E_VIRGULA
   15 lista_id_var: lista_id_var . VIRGULA IDENT

    VIRGULA      shift, and go to state 27
    DOIS_PONTOS  shift, and go to state 28


State 25

   19 comando_composto: T_BEGIN . comandos T_END
   20                 | T_BEGIN . T_END

    T_END  shift, and go to state 29
    IDENT  shift, and go to state 30

    comandos                 go to state 31
    comando                  go to state 32
    comando_sem_rotulo       go to state 33
    atribuicao               go to state 34
    variavel_chamada_funcao  go to state 35


State 26

    4 bloco: parte_declara_vars $@2 comando_composto .

    $default  reduce using rule 4 (bloco)


State 27

   15 lista_id_var: lista_id_var VIRGULA . IDENT

    IDENT  shift, and go to state 36


State 28

   12 declara_var: $@3 lista_id_var DOIS_PONTOS . tipo $@4 PONTO_E_VIRGULA

    INTEGER  shift, and go to state 37
    BOOLEAN  shift, and go to state 38

    tipo  go to state 39


State 29

   20 comando_composto: T_BEGIN T_END .

    $default  reduce using rule 20 (comando_composto)


State 30

   57 variavel_chamada_funcao: IDENT . variavel
   58                        | IDENT . chamada_funcao

    ABRE_PARENTESES  shift, and go to state 40
    IDENT            shift, and go to state 30
    MAIS             shift, and go to state 41
    MENOS            shift, and go to state 42
    NOT              shift, and go to state 43
    NUMERO           shift, and go to state 44

    MAIS      [reduce using rule 60 (variavel)]
    MENOS     [reduce using rule 60 (variavel)]
    $default  reduce using rule 60 (variavel)

    expressao                go to state 45
    termo_com_sinal          go to state 46
    lista_expressoes         go to state 47
    expressao_simples        go to state 48
    termo                    go to state 49
    fator                    go to state 50
    variavel_chamada_funcao  go to state 51
    variavel                 go to state 52
    chamada_funcao           go to state 53


State 31

   19 comando_composto: T_BEGIN comandos . T_END

    T_END  shift, and go to state 54


State 32

   21 comandos: comando . PONTO_E_VIRGULA comandos
   22         | comando . PONTO_E_VIRGULA

    PONTO_E_VIRGULA  shift, and go to state 55


State 33

   23 comando: comando_sem_rotulo .

    $default  reduce using rule 23 (comando)


State 34

   24 comando_sem_rotulo: atribuicao .

    $default  reduce using rule 24 (comando_sem_rotulo)


State 35

   25 atribuicao: variavel_chamada_funcao . ATRIBUICAO expressao

    ATRIBUICAO  shift, and go to state 56


State 36

   15 lista_id_var: lista_id_var VIRGULA IDENT .

    $default  reduce using rule 15 (lista_id_var)


State 37

   13 tipo: INTEGER .

    $default  reduce using rule 13 (tipo)


State 38

   14 tipo: BOOLEAN .

    $default  reduce using rule 14 (tipo)


State 39

   12 declara_var: $@3 lista_id_var DOIS_PONTOS tipo . $@4 PONTO_E_VIRGULA

    $default  reduce using rule 11 ($@4)

    $@4  go to state 57


State 40

   55 fator: ABRE_PARENTESES . expressao FECHA_PARENTESES
   61 chamada_funcao: ABRE_PARENTESES . lista_expressoes FECHA_PARENTESES

    ABRE_PARENTESES  shift, and go to state 58
    IDENT            shift, and go to state 30
    MAIS             shift, and go to state 41
    MENOS            shift, and go to state 42
    NOT              shift, and go to state 43
    NUMERO           shift, and go to state 44

    expressao                go to state 59
    termo_com_sinal          go to state 46
    lista_expressoes         go to state 60
    expressao_simples        go to state 48
    termo                    go to state 49
    fator                    go to state 50
    variavel_chamada_funcao  go to state 51


State 41

   34 termo_com_sinal: MAIS . termo

    ABRE_PARENTESES  shift, and go to state 58
    IDENT            shift, and go to state 30
    NOT              shift, and go to state 43
    NUMERO           shift, and go to state 44

    termo                    go to state 61
    fator                    go to state 50
    variavel_chamada_funcao  go to state 51


State 42

   35 termo_com_sinal: MENOS . termo

    ABRE_PARENTESES  shift, and go to state 58
    IDENT            shift, and go to state 30
    NOT              shift, and go to state 43
    NUMERO           shift, and go to state 44

    termo                    go to state 62
    fator                    go to state 50
    variavel_chamada_funcao  go to state 51


State 43

   56 fator: NOT . fator

    ABRE_PARENTESES  shift, and go to state 58
    IDENT            shift, and go to state 30
    NOT              shift, and go to state 43
    NUMERO           shift, and go to state 44

    fator                    go to state 63
    variavel_chamada_funcao  go to state 51


State 44

   54 fator: NUMERO .

    $default  reduce using rule 54 (fator)


State 45

   37 lista_expressoes: expressao . VIRGULA lista_expressoes
   38                 | expressao .

    VIRGULA  shift, and go to state 64

    VIRGULA   [reduce using rule 38 (lista_expressoes)]
    $default  reduce using rule 38 (lista_expressoes)


State 46

   39 expressao_simples: termo_com_sinal . operacoes
   40                  | termo_com_sinal .

    MAIS   shift, and go to state 65
    MENOS  shift, and go to state 66
    OR     shift, and go to state 67

    MAIS      [reduce using rule 40 (expressao_simples)]
    MENOS     [reduce using rule 40 (expressao_simples)]
    OR        [reduce using rule 40 (expressao_simples)]
    $default  reduce using rule 40 (expressao_simples)

    operacoes  go to state 68
    operacao   go to state 69


State 47

   59 variavel: lista_expressoes .

    $default  reduce using rule 59 (variavel)


State 48

   26 expressao: expressao_simples .
   27          | expressao_simples . relacao expressao_simples

    IGUAL        shift, and go to state 70
    MENOR        shift, and go to state 71
    MAIOR        shift, and go to state 72
    DIFERENTE    shift, and go to state 73
    MAIOR_IGUAL  shift, and go to state 74
    MENOR_IGUAL  shift, and go to state 75

    IGUAL        [reduce using rule 26 (expressao)]
    MENOR        [reduce using rule 26 (expressao)]
    MAIOR        [reduce using rule 26 (expressao)]
    DIFERENTE    [reduce using rule 26 (expressao)]
    MAIOR_IGUAL  [reduce using rule 26 (expressao)]
    MENOR_IGUAL  [reduce using rule 26 (expressao)]
    $default     reduce using rule 26 (expressao)

    relacao  go to state 76


State 49

   36 termo_com_sinal: termo .

    $default  reduce using rule 36 (termo_com_sinal)


State 50

   51 termo: fator . operacoes_fator
   52      | fator .

    MULTIPLICACAO  shift, and go to state 77
    AND            shift, and go to state 78
    DIV            shift, and go to state 79

    MULTIPLICACAO  [reduce using rule 52 (termo)]
    AND            [reduce using rule 52 (termo)]
    DIV            [reduce using rule 52 (termo)]
    $default       reduce using rule 52 (termo)

    operacoes_fator  go to state 80
    operacao_fator   go to state 81


State 51

   53 fator: variavel_chamada_funcao .

    $default  reduce using rule 53 (fator)


State 52

   57 variavel_chamada_funcao: IDENT variavel .

    $default  reduce using rule 57 (variavel_chamada_funcao)


State 53

   58 variavel_chamada_funcao: IDENT chamada_funcao .

    $default  reduce using rule 58 (variavel_chamada_funcao)


State 54

   19 comando_composto: T_BEGIN comandos T_END .

    $default  reduce using rule 19 (comando_composto)


State 55

   21 comandos: comando PONTO_E_VIRGULA . comandos
   22         | comando PONTO_E_VIRGULA .

    IDENT  shift, and go to state 30

    $default  reduce using rule 22 (comandos)

    comandos                 go to state 82
    comando                  go to state 32
    comando_sem_rotulo       go to state 33
    atribuicao               go to state 34
    variavel_chamada_funcao  go to state 35


State 56

   25 atribuicao: variavel_chamada_funcao ATRIBUICAO . expressao

    ABRE_PARENTESES  shift, and go to state 58
    IDENT            shift, and go to state 30
    MAIS             shift, and go to state 41
    MENOS            shift, and go to state 42
    NOT              shift, and go to state 43
    NUMERO           shift, and go to state 44

    expressao                go to state 83
    termo_com_sinal          go to state 46
    expressao_simples        go to state 48
    termo                    go to state 49
    fator                    go to state 50
    variavel_chamada_funcao  go to state 51


State 57

   12 declara_var: $@3 lista_id_var DOIS_PONTOS tipo $@4 . PONTO_E_VIRGULA

    PONTO_E_VIRGULA  shift, and go to state 84


State 58

   55 fator: ABRE_PARENTESES . expressao FECHA_PARENTESES

    ABRE_PARENTESES  shift, and go to state 58
    IDENT            shift, and go to state 30
    MAIS             shift, and go to state 41
    MENOS            shift, and go to state 42
    NOT              shift, and go to state 43
    NUMERO           shift, and go to state 44

    expressao                go to state 85
    termo_com_sinal          go to state 46
    expressao_simples        go to state 48
    termo                    go to state 49
    fator                    go to state 50
    variavel_chamada_funcao  go to state 51


State 59

   37 lista_expressoes: expressao . VIRGULA lista_expressoes
   38                 | expressao .
   55 fator: ABRE_PARENTESES expressao . FECHA_PARENTESES

    FECHA_PARENTESES  shift, and go to state 86
    VIRGULA           shift, and go to state 64

    FECHA_PARENTESES  [reduce using rule 38 (lista_expressoes)]


State 60

   61 chamada_funcao: ABRE_PARENTESES lista_expressoes . FECHA_PARENTESES

    FECHA_PARENTESES  shift, and go to state 87


State 61

   34 termo_com_sinal: MAIS termo .

    $default  reduce using rule 34 (termo_com_sinal)


State 62

   35 termo_com_sinal: MENOS termo .

    $default  reduce using rule 35 (termo_com_sinal)


State 63

   56 fator: NOT fator .

    $default  reduce using rule 56 (fator)


State 64

   37 lista_expressoes: expressao VIRGULA . lista_expressoes

    ABRE_PARENTESES  shift, and go to state 58
    IDENT            shift, and go to state 30
    MAIS             shift, and go to state 41
    MENOS            shift, and go to state 42
    NOT              shift, and go to state 43
    NUMERO           shift, and go to state 44

    expressao                go to state 45
    termo_com_sinal          go to state 46
    lista_expressoes         go to state 88
    expressao_simples        go to state 48
    termo                    go to state 49
    fator                    go to state 50
    variavel_chamada_funcao  go to state 51


State 65

   43 operacao: MAIS . termo

    ABRE_PARENTESES  shift, and go to state 58
    IDENT            shift, and go to state 30
    NOT              shift, and go to state 43
    NUMERO           shift, and go to state 44

    termo                    go to state 89
    fator                    go to state 50
    variavel_chamada_funcao  go to state 51


State 66

   44 operacao: MENOS . termo

    ABRE_PARENTESES  shift, and go to state 58
    IDENT            shift, and go to state 30
    NOT              shift, and go to state 43
    NUMERO           shift, and go to state 44

    termo                    go to state 90
    fator                    go to state 50
    variavel_chamada_funcao  go to state 51


State 67

   45 operacao: OR . termo

    ABRE_PARENTESES  shift, and go to state 58
    IDENT            shift, and go to state 30
    NOT              shift, and go to state 43
    NUMERO           shift, and go to state 44

    termo                    go to state 91
    fator                    go to state 50
    variavel_chamada_funcao  go to state 51


State 68

   39 expressao_simples: termo_com_sinal operacoes .

    $default  reduce using rule 39 (expressao_simples)


State 69

   41 operacoes: operacao . operacoes
   42          | operacao .

    MAIS   shift, and go to state 65
    MENOS  shift, and go to state 66
    OR     shift, and go to state 67

    MAIS      [reduce using rule 42 (operacoes)]
    MENOS     [reduce using rule 42 (operacoes)]
    OR        [reduce using rule 42 (operacoes)]
    $default  reduce using rule 42 (operacoes)

    operacoes  go to state 92
    operacao   go to state 69


State 70

   28 relacao: IGUAL .

    $default  reduce using rule 28 (relacao)


State 71

   30 relacao: MENOR .

    $default  reduce using rule 30 (relacao)


State 72

   33 relacao: MAIOR .

    $default  reduce using rule 33 (relacao)


State 73

   29 relacao: DIFERENTE .

    $default  reduce using rule 29 (relacao)


State 74

   32 relacao: MAIOR_IGUAL .

    $default  reduce using rule 32 (relacao)


State 75

   31 relacao: MENOR_IGUAL .

    $default  reduce using rule 31 (relacao)


State 76

   27 expressao: expressao_simples relacao . expressao_simples

    ABRE_PARENTESES  shift, and go to state 58
    IDENT            shift, and go to state 30
    MAIS             shift, and go to state 41
    MENOS            shift, and go to state 42
    NOT              shift, and go to state 43
    NUMERO           shift, and go to state 44

    termo_com_sinal          go to state 46
    expressao_simples        go to state 93
    termo                    go to state 49
    fator                    go to state 50
    variavel_chamada_funcao  go to state 51


State 77

   48 operacao_fator: MULTIPLICACAO . fator

    ABRE_PARENTESES  shift, and go to state 58
    IDENT            shift, and go to state 30
    NOT              shift, and go to state 43
    NUMERO           shift, and go to state 44

    fator                    go to state 94
    variavel_chamada_funcao  go to state 51


State 78

   50 operacao_fator: AND . fator

    ABRE_PARENTESES  shift, and go to state 58
    IDENT            shift, and go to state 30
    NOT              shift, and go to state 43
    NUMERO           shift, and go to state 44

    fator                    go to state 95
    variavel_chamada_funcao  go to state 51


State 79

   49 operacao_fator: DIV . fator

    ABRE_PARENTESES  shift, and go to state 58
    IDENT            shift, and go to state 30
    NOT              shift, and go to state 43
    NUMERO           shift, and go to state 44

    fator                    go to state 96
    variavel_chamada_funcao  go to state 51


State 80

   51 termo: fator operacoes_fator .

    $default  reduce using rule 51 (termo)


State 81

   46 operacoes_fator: operacao_fator . operacoes_fator
   47                | operacao_fator .

    MULTIPLICACAO  shift, and go to state 77
    AND            shift, and go to state 78
    DIV            shift, and go to state 79

    MULTIPLICACAO  [reduce using rule 47 (operacoes_fator)]
    AND            [reduce using rule 47 (operacoes_fator)]
    DIV            [reduce using rule 47 (operacoes_fator)]
    $default       reduce using rule 47 (operacoes_fator)

    operacoes_fator  go to state 97
    operacao_fator   go to state 81


State 82

   21 comandos: comando PONTO_E_VIRGULA comandos .

    $default  reduce using rule 21 (comandos)


State 83

   25 atribuicao: variavel_chamada_funcao ATRIBUICAO expressao .

    $default  reduce using rule 25 (atribuicao)


State 84

   12 declara_var: $@3 lista_id_var DOIS_PONTOS tipo $@4 PONTO_E_VIRGULA .

    $default  reduce using rule 12 (declara_var)


State 85

   55 fator: ABRE_PARENTESES expressao . FECHA_PARENTESES

    FECHA_PARENTESES  shift, and go to state 86


State 86

   55 fator: ABRE_PARENTESES expressao FECHA_PARENTESES .

    $default  reduce using rule 55 (fator)


State 87

   61 chamada_funcao: ABRE_PARENTESES lista_expressoes FECHA_PARENTESES .

    $default  reduce using rule 61 (chamada_funcao)


State 88

   37 lista_expressoes: expressao VIRGULA lista_expressoes .

    $default  reduce using rule 37 (lista_expressoes)


State 89

   43 operacao: MAIS termo .

    $default  reduce using rule 43 (operacao)


State 90

   44 operacao: MENOS termo .

    $default  reduce using rule 44 (operacao)


State 91

   45 operacao: OR termo .

    $default  reduce using rule 45 (operacao)


State 92

   41 operacoes: operacao operacoes .

    $default  reduce using rule 41 (operacoes)


State 93

   27 expressao: expressao_simples relacao expressao_simples .

    $default  reduce using rule 27 (expressao)


State 94

   48 operacao_fator: MULTIPLICACAO fator .

    $default  reduce using rule 48 (operacao_fator)


State 95

   50 operacao_fator: AND fator .

    $default  reduce using rule 50 (operacao_fator)


State 96

   49 operacao_fator: DIV fator .

    $default  reduce using rule 49 (operacao_fator)


State 97

   46 operacoes_fator: operacao_fator operacoes_fator .

    $default  reduce using rule 46 (operacoes_fator)
